<?xml version="1.0" encoding="UTF-8"?>
<coverage generated="1534955195021" clover="3.2.0">
  <project timestamp="1534955195022" name="All files">
    <metrics statements="9" coveredstatements="6" conditionals="4" coveredconditionals="2" methods="3" coveredmethods="2" elements="16" coveredelements="10" complexity="0" loc="9" ncloc="9" packages="1" files="1" classes="1">
      <file name="student-stats.js" path="/Users/darraghmcalone/development/adp-2018-q3/week07-day03-bdd/src/student-stats.js">
        <metrics statements="9" coveredstatements="6" conditionals="4" coveredconditionals="2" methods="3" coveredmethods="2"/>
        <line num="1" count="1" type="stmt"/>
        <line num="5" count="4" type="stmt"/>
        <line num="9" count="4" type="cond" truecount="2" falsecount="0"/>
        <line num="10" count="1" type="stmt"/>
        <line num="13" count="3" type="stmt"/>
        <line num="16" count="0" type="cond" truecount="0" falsecount="2"/>
        <line num="17" count="0" type="stmt"/>
        <line num="19" count="0" type="stmt"/>
        <line num="23" count="1" type="stmt"/>
      </file>
    </metrics>
  </project>
</coverage>
